<?xml version="1.0" encoding="UTF-8"?>
<testng-results skipped="0" failed="0" ignored="0" total="1" passed="1">
  <reporter-output>
  </reporter-output>
  <suite name="Suite" duration-ms="16363" started-at="2018-10-04T07:48:49Z" finished-at="2018-10-04T07:49:05Z">
    <groups>
    </groups>
    <test name="Test" duration-ms="16363" started-at="2018-10-04T07:48:49Z" finished-at="2018-10-04T07:49:05Z">
      <class name="testing.MyFirstMaven">
        <test-method status="PASS" signature="beforeClass()[pri:0, instance:testing.MyFirstMaven@6108b2d7]" name="beforeClass" is-config="true" duration-ms="14269" started-at="2018-10-04T07:48:49Z" finished-at="2018-10-04T07:49:03Z">
          <reporter-output>
          </reporter-output>
        </test-method> <!-- beforeClass -->
        <test-method status="PASS" signature="f()[pri:0, instance:testing.MyFirstMaven@6108b2d7]" name="f" duration-ms="1" started-at="2018-10-04T07:49:03Z" finished-at="2018-10-04T07:49:03Z">
          <reporter-output>
          </reporter-output>
        </test-method> <!-- f -->
        <test-method status="PASS" signature="afterClass()[pri:0, instance:testing.MyFirstMaven@6108b2d7]" name="afterClass" is-config="true" duration-ms="2061" started-at="2018-10-04T07:49:03Z" finished-at="2018-10-04T07:49:05Z">
          <reporter-output>
          </reporter-output>
        </test-method> <!-- afterClass -->
      </class> <!-- testing.MyFirstMaven -->
    </test> <!-- Test -->
  </suite> <!-- Suite -->
</testng-results>
